<?xml version="1.0" encoding="UTF-8"?>
<testng-results skipped="0" failed="0" total="1" passed="1">
  <reporter-output>
  </reporter-output>
  <suite name="Default suite" duration-ms="14471" started-at="2019-04-06T16:57:15Z" finished-at="2019-04-06T16:57:29Z">
    <groups>
    </groups>
    <test name="Default test" duration-ms="14471" started-at="2019-04-06T16:57:15Z" finished-at="2019-04-06T16:57:29Z">
      <class name="test.AddContactTest">
        <test-method status="PASS" signature="AddingContact()[pri:0, instance:test.AddContactTest@68e5eea7]" name="AddingContact" duration-ms="14423" started-at="2019-04-06T12:57:15Z" finished-at="2019-04-06T12:57:29Z">
          <reporter-output>
          </reporter-output>
        </test-method> <!-- AddingContact -->
      </class> <!-- test.AddContactTest -->
    </test> <!-- Default test -->
  </suite> <!-- Default suite -->
</testng-results>
